[debug] [2024-05-12T19:17:52.906Z] ----------------------------------------------------------------------
[debug] [2024-05-12T19:17:52.908Z] Command:       C:\Program Files\nodejs\node.exe C:\Users\User\AppData\Roaming\npm\node_modules\firebase-tools\lib\bin\firebase.js init
[debug] [2024-05-12T19:17:52.908Z] CLI Version:   13.8.3
[debug] [2024-05-12T19:17:52.909Z] Platform:      win32
[debug] [2024-05-12T19:17:52.909Z] Node Version:  v20.2.0
[debug] [2024-05-12T19:17:52.909Z] Time:          Sun May 12 2024 14:17:52 GMT-0500 (hora estándar de Colombia)
[debug] [2024-05-12T19:17:52.909Z] ----------------------------------------------------------------------
[debug] 
[debug] [2024-05-12T19:17:52.911Z] >>> [apiv2][query] GET https://firebase-public.firebaseio.com/cli.json [none]
[debug] [2024-05-12T19:17:52.941Z] > command requires scopes: ["email","openid","https://www.googleapis.com/auth/cloudplatformprojects.readonly","https://www.googleapis.com/auth/firebase","https://www.googleapis.com/auth/cloud-platform"]
[debug] [2024-05-12T19:17:52.941Z] > authorizing via signed-in user (camian44@gmail.com)
[info] 
     ######## #### ########  ######## ########     ###     ######  ########
     ##        ##  ##     ## ##       ##     ##  ##   ##  ##       ##
     ######    ##  ########  ######   ########  #########  ######  ######
     ##        ##  ##    ##  ##       ##     ## ##     ##       ## ##
     ##       #### ##     ## ######## ########  ##     ##  ######  ########

You're about to initialize a Firebase project in this directory:

  C:\Users\User\Camilo\Universidad\Noveno semestre\ProyectoSeminario\Integracion

[debug] [2024-05-12T19:17:53.303Z] <<< [apiv2][status] GET https://firebase-public.firebaseio.com/cli.json 200
[debug] [2024-05-12T19:17:53.303Z] <<< [apiv2][body] GET https://firebase-public.firebaseio.com/cli.json {"cloudBuildErrorAfter":1594252800000,"cloudBuildWarnAfter":1590019200000,"defaultNode10After":1594252800000,"minVersion":"3.0.5","node8DeploysDisabledAfter":1613390400000,"node8RuntimeDisabledAfter":1615809600000,"node8WarnAfter":1600128000000}
